CRITICAL - 2025-12-25 04:53:58 --> ParseError: syntax error, unexpected token ";"
[Method: GET, Route: admin/siswa]
in APPPATH\Views\layouts\sidebar.php on line 89.
 1 SYSTEMPATH\View\View.php(229): CodeIgniter\View\View->CodeIgniter\View\{closure}()
 2 SYSTEMPATH\View\View.php(475): CodeIgniter\View\View->render('layouts/sidebar', null, true)
 3 APPPATH\Views\layouts\app.php(24): CodeIgniter\View\View->include('layouts/sidebar')
 4 SYSTEMPATH\View\View.php(226): include('C:\\Ujian Online\\xampp\\htdocs\\ujian-online\\app\\Views\\layouts\\app.php')
 5 SYSTEMPATH\View\View.php(229): CodeIgniter\View\View->CodeIgniter\View\{closure}()
 6 SYSTEMPATH\View\View.php(242): CodeIgniter\View\View->render('layouts/app', [], true)
 7 SYSTEMPATH\Common.php(1167): CodeIgniter\View\View->render('admin/siswa/index', [], true)
 8 APPPATH\Controllers\Admin\Siswa.php(33): view('admin/siswa/index', [...])
 9 SYSTEMPATH\CodeIgniter.php(933): App\Controllers\Admin\Siswa->index()
10 SYSTEMPATH\CodeIgniter.php(507): CodeIgniter\CodeIgniter->runController(Object(App\Controllers\Admin\Siswa))
11 SYSTEMPATH\CodeIgniter.php(354): CodeIgniter\CodeIgniter->handleRequest(null, Object(Config\Cache), false)
12 SYSTEMPATH\Boot.php(363): CodeIgniter\CodeIgniter->run()
13 SYSTEMPATH\Boot.php(68): CodeIgniter\Boot::runCodeIgniter(Object(CodeIgniter\CodeIgniter))
14 FCPATH\index.php(59): CodeIgniter\Boot::bootWeb(Object(Config\Paths))
CRITICAL - 2025-12-25 04:54:04 --> ParseError: syntax error, unexpected token ";"
[Method: GET, Route: admin/guru]
in APPPATH\Views\layouts\sidebar.php on line 89.
 1 SYSTEMPATH\View\View.php(229): CodeIgniter\View\View->CodeIgniter\View\{closure}()
 2 SYSTEMPATH\View\View.php(475): CodeIgniter\View\View->render('layouts/sidebar', null, true)
 3 APPPATH\Views\layouts\app.php(24): CodeIgniter\View\View->include('layouts/sidebar')
 4 SYSTEMPATH\View\View.php(226): include('C:\\Ujian Online\\xampp\\htdocs\\ujian-online\\app\\Views\\layouts\\app.php')
 5 SYSTEMPATH\View\View.php(229): CodeIgniter\View\View->CodeIgniter\View\{closure}()
 6 SYSTEMPATH\View\View.php(242): CodeIgniter\View\View->render('layouts/app', [], true)
 7 SYSTEMPATH\Common.php(1167): CodeIgniter\View\View->render('admin/guru/index', [], true)
 8 APPPATH\Controllers\Admin\Guru.php(38): view('admin/guru/index', [...])
 9 SYSTEMPATH\CodeIgniter.php(933): App\Controllers\Admin\Guru->index()
10 SYSTEMPATH\CodeIgniter.php(507): CodeIgniter\CodeIgniter->runController(Object(App\Controllers\Admin\Guru))
11 SYSTEMPATH\CodeIgniter.php(354): CodeIgniter\CodeIgniter->handleRequest(null, Object(Config\Cache), false)
12 SYSTEMPATH\Boot.php(363): CodeIgniter\CodeIgniter->run()
13 SYSTEMPATH\Boot.php(68): CodeIgniter\Boot::runCodeIgniter(Object(CodeIgniter\CodeIgniter))
14 FCPATH\index.php(59): CodeIgniter\Boot::bootWeb(Object(Config\Paths))
CRITICAL - 2025-12-25 04:54:05 --> ParseError: syntax error, unexpected token ";"
[Method: GET, Route: admin/dashboard]
in APPPATH\Views\layouts\sidebar.php on line 89.
 1 SYSTEMPATH\View\View.php(229): CodeIgniter\View\View->CodeIgniter\View\{closure}()
 2 SYSTEMPATH\View\View.php(475): CodeIgniter\View\View->render('layouts/sidebar', null, true)
 3 APPPATH\Views\layouts\app.php(24): CodeIgniter\View\View->include('layouts/sidebar')
 4 SYSTEMPATH\View\View.php(226): include('C:\\Ujian Online\\xampp\\htdocs\\ujian-online\\app\\Views\\layouts\\app.php')
 5 SYSTEMPATH\View\View.php(229): CodeIgniter\View\View->CodeIgniter\View\{closure}()
 6 SYSTEMPATH\View\View.php(242): CodeIgniter\View\View->render('layouts/app', [], true)
 7 SYSTEMPATH\Common.php(1167): CodeIgniter\View\View->render('admin/dashboard', [], true)
 8 APPPATH\Controllers\Admin\Dashboard.php(28): view('admin/dashboard', [...])
 9 SYSTEMPATH\CodeIgniter.php(933): App\Controllers\Admin\Dashboard->index()
10 SYSTEMPATH\CodeIgniter.php(507): CodeIgniter\CodeIgniter->runController(Object(App\Controllers\Admin\Dashboard))
11 SYSTEMPATH\CodeIgniter.php(354): CodeIgniter\CodeIgniter->handleRequest(null, Object(Config\Cache), false)
12 SYSTEMPATH\Boot.php(363): CodeIgniter\CodeIgniter->run()
13 SYSTEMPATH\Boot.php(68): CodeIgniter\Boot::runCodeIgniter(Object(CodeIgniter\CodeIgniter))
14 FCPATH\index.php(59): CodeIgniter\Boot::bootWeb(Object(Config\Paths))
CRITICAL - 2025-12-25 04:54:09 --> ParseError: syntax error, unexpected token ";"
[Method: GET, Route: admin/dashboard]
in APPPATH\Views\layouts\sidebar.php on line 89.
 1 SYSTEMPATH\View\View.php(229): CodeIgniter\View\View->CodeIgniter\View\{closure}()
 2 SYSTEMPATH\View\View.php(475): CodeIgniter\View\View->render('layouts/sidebar', null, true)
 3 APPPATH\Views\layouts\app.php(24): CodeIgniter\View\View->include('layouts/sidebar')
 4 SYSTEMPATH\View\View.php(226): include('C:\\Ujian Online\\xampp\\htdocs\\ujian-online\\app\\Views\\layouts\\app.php')
 5 SYSTEMPATH\View\View.php(229): CodeIgniter\View\View->CodeIgniter\View\{closure}()
 6 SYSTEMPATH\View\View.php(242): CodeIgniter\View\View->render('layouts/app', [], true)
 7 SYSTEMPATH\Common.php(1167): CodeIgniter\View\View->render('admin/dashboard', [], true)
 8 APPPATH\Controllers\Admin\Dashboard.php(28): view('admin/dashboard', [...])
 9 SYSTEMPATH\CodeIgniter.php(933): App\Controllers\Admin\Dashboard->index()
10 SYSTEMPATH\CodeIgniter.php(507): CodeIgniter\CodeIgniter->runController(Object(App\Controllers\Admin\Dashboard))
11 SYSTEMPATH\CodeIgniter.php(354): CodeIgniter\CodeIgniter->handleRequest(null, Object(Config\Cache), false)
12 SYSTEMPATH\Boot.php(363): CodeIgniter\CodeIgniter->run()
13 SYSTEMPATH\Boot.php(68): CodeIgniter\Boot::runCodeIgniter(Object(CodeIgniter\CodeIgniter))
14 FCPATH\index.php(59): CodeIgniter\Boot::bootWeb(Object(Config\Paths))
CRITICAL - 2025-12-25 04:54:37 --> ParseError: syntax error, unexpected token ";"
[Method: GET, Route: admin/dashboard]
in APPPATH\Views\layouts\sidebar.php on line 89.
 1 SYSTEMPATH\View\View.php(229): CodeIgniter\View\View->CodeIgniter\View\{closure}()
 2 SYSTEMPATH\View\View.php(475): CodeIgniter\View\View->render('layouts/sidebar', null, true)
 3 APPPATH\Views\layouts\app.php(24): CodeIgniter\View\View->include('layouts/sidebar')
 4 SYSTEMPATH\View\View.php(226): include('C:\\Ujian Online\\xampp\\htdocs\\ujian-online\\app\\Views\\layouts\\app.php')
 5 SYSTEMPATH\View\View.php(229): CodeIgniter\View\View->CodeIgniter\View\{closure}()
 6 SYSTEMPATH\View\View.php(242): CodeIgniter\View\View->render('layouts/app', [], true)
 7 SYSTEMPATH\Common.php(1167): CodeIgniter\View\View->render('admin/dashboard', [], true)
 8 APPPATH\Controllers\Admin\Dashboard.php(28): view('admin/dashboard', [...])
 9 SYSTEMPATH\CodeIgniter.php(933): App\Controllers\Admin\Dashboard->index()
10 SYSTEMPATH\CodeIgniter.php(507): CodeIgniter\CodeIgniter->runController(Object(App\Controllers\Admin\Dashboard))
11 SYSTEMPATH\CodeIgniter.php(354): CodeIgniter\CodeIgniter->handleRequest(null, Object(Config\Cache), false)
12 SYSTEMPATH\Boot.php(363): CodeIgniter\CodeIgniter->run()
13 SYSTEMPATH\Boot.php(68): CodeIgniter\Boot::runCodeIgniter(Object(CodeIgniter\CodeIgniter))
14 FCPATH\index.php(59): CodeIgniter\Boot::bootWeb(Object(Config\Paths))
