ERROR - 2025-12-17 15:38:49 --> Error connecting to the database: mysqli_sql_exception: No connection could be made because the target machine actively refused it in C:\E-Ujian\xampp\htdocs\ujian-online\system\Database\MySQLi\Connection.php:201
Stack trace:
#0 C:\E-Ujian\xampp\htdocs\ujian-online\system\Database\MySQLi\Connection.php(201): mysqli->real_connect('localhost', 'root', Object(SensitiveParameterValue), 'db_ujian_online', 3123, '', 0)
#1 C:\E-Ujian\xampp\htdocs\ujian-online\system\Database\BaseConnection.php(419): CodeIgniter\Database\MySQLi\Connection->connect(false)
#2 C:\E-Ujian\xampp\htdocs\ujian-online\system\Database\BaseConnection.php(614): CodeIgniter\Database\BaseConnection->initialize()
#3 C:\E-Ujian\xampp\htdocs\ujian-online\system\Database\BaseBuilder.php(1649): CodeIgniter\Database\BaseConnection->query('SELECT *\nFROM `...', Array, false)
#4 C:\E-Ujian\xampp\htdocs\ujian-online\app\Controllers\BaseController.php(27): CodeIgniter\Database\BaseBuilder->get()
#5 C:\E-Ujian\xampp\htdocs\ujian-online\system\CodeIgniter.php(904): App\Controllers\BaseController->initController(Object(CodeIgniter\HTTP\IncomingRequest), Object(CodeIgniter\HTTP\Response), Object(CodeIgniter\Log\Logger))
#6 C:\E-Ujian\xampp\htdocs\ujian-online\system\CodeIgniter.php(498): CodeIgniter\CodeIgniter->createController()
#7 C:\E-Ujian\xampp\htdocs\ujian-online\system\CodeIgniter.php(354): CodeIgniter\CodeIgniter->handleRequest(NULL, Object(Config\Cache), false)
#8 C:\E-Ujian\xampp\htdocs\ujian-online\system\Boot.php(363): CodeIgniter\CodeIgniter->run()
#9 C:\E-Ujian\xampp\htdocs\ujian-online\system\Boot.php(68): CodeIgniter\Boot::runCodeIgniter(Object(CodeIgniter\CodeIgniter))
#10 C:\E-Ujian\xampp\htdocs\ujian-online\index.php(59): CodeIgniter\Boot::bootWeb(Object(Config\Paths))
#11 {main}

Next CodeIgniter\Database\Exceptions\DatabaseException: No connection could be made because the target machine actively refused it in C:\E-Ujian\xampp\htdocs\ujian-online\system\Database\MySQLi\Connection.php:246
Stack trace:
#0 C:\E-Ujian\xampp\htdocs\ujian-online\system\Database\BaseConnection.php(419): CodeIgniter\Database\MySQLi\Connection->connect(false)
#1 C:\E-Ujian\xampp\htdocs\ujian-online\system\Database\BaseConnection.php(614): CodeIgniter\Database\BaseConnection->initialize()
#2 C:\E-Ujian\xampp\htdocs\ujian-online\system\Database\BaseBuilder.php(1649): CodeIgniter\Database\BaseConnection->query('SELECT *\nFROM `...', Array, false)
#3 C:\E-Ujian\xampp\htdocs\ujian-online\app\Controllers\BaseController.php(27): CodeIgniter\Database\BaseBuilder->get()
#4 C:\E-Ujian\xampp\htdocs\ujian-online\system\CodeIgniter.php(904): App\Controllers\BaseController->initController(Object(CodeIgniter\HTTP\IncomingRequest), Object(CodeIgniter\HTTP\Response), Object(CodeIgniter\Log\Logger))
#5 C:\E-Ujian\xampp\htdocs\ujian-online\system\CodeIgniter.php(498): CodeIgniter\CodeIgniter->createController()
#6 C:\E-Ujian\xampp\htdocs\ujian-online\system\CodeIgniter.php(354): CodeIgniter\CodeIgniter->handleRequest(NULL, Object(Config\Cache), false)
#7 C:\E-Ujian\xampp\htdocs\ujian-online\system\Boot.php(363): CodeIgniter\CodeIgniter->run()
#8 C:\E-Ujian\xampp\htdocs\ujian-online\system\Boot.php(68): CodeIgniter\Boot::runCodeIgniter(Object(CodeIgniter\CodeIgniter))
#9 C:\E-Ujian\xampp\htdocs\ujian-online\index.php(59): CodeIgniter\Boot::bootWeb(Object(Config\Paths))
#10 {main}
CRITICAL - 2025-12-17 15:38:49 --> CodeIgniter\Database\Exceptions\DatabaseException: Unable to connect to the database.
Main connection [MySQLi]: No connection could be made because the target machine actively refused it
[Method: GET, Route: /]
in SYSTEMPATH\Database\BaseConnection.php on line 465.
 1 SYSTEMPATH\Database\BaseConnection.php(614): CodeIgniter\Database\BaseConnection->initialize()
 2 SYSTEMPATH\Database\BaseBuilder.php(1649): CodeIgniter\Database\BaseConnection->query('SELECT *
FROM `sekolah`
WHERE `id` = :id:', [...], false)
 3 APPPATH\Controllers\BaseController.php(27): CodeIgniter\Database\BaseBuilder->get()
 4 SYSTEMPATH\CodeIgniter.php(904): App\Controllers\BaseController->initController(Object(CodeIgniter\HTTP\IncomingRequest), Object(CodeIgniter\HTTP\Response), Object(CodeIgniter\Log\Logger))
 5 SYSTEMPATH\CodeIgniter.php(498): CodeIgniter\CodeIgniter->createController()
 6 SYSTEMPATH\CodeIgniter.php(354): CodeIgniter\CodeIgniter->handleRequest(null, Object(Config\Cache), false)
 7 SYSTEMPATH\Boot.php(363): CodeIgniter\CodeIgniter->run()
 8 SYSTEMPATH\Boot.php(68): CodeIgniter\Boot::runCodeIgniter(Object(CodeIgniter\CodeIgniter))
 9 FCPATH\index.php(59): CodeIgniter\Boot::bootWeb(Object(Config\Paths))
ERROR - 2025-12-17 15:39:55 --> mysqli_sql_exception: Cannot delete or update a parent row: a foreign key constraint fails (`db_ujian_online`.`hasil_ujian`, CONSTRAINT `hasil_ujian_ibfk_2` FOREIGN KEY (`siswa_id`) REFERENCES `siswa` (`id`)) in C:\E-Ujian\xampp\htdocs\ujian-online\system\Database\MySQLi\Connection.php:327
Stack trace:
#0 C:\E-Ujian\xampp\htdocs\ujian-online\system\Database\MySQLi\Connection.php(327): mysqli->query('DELETE FROM `si...', 0)
#1 C:\E-Ujian\xampp\htdocs\ujian-online\system\Database\BaseConnection.php(729): CodeIgniter\Database\MySQLi\Connection->execute('DELETE FROM `si...')
#2 C:\E-Ujian\xampp\htdocs\ujian-online\system\Database\BaseConnection.php(646): CodeIgniter\Database\BaseConnection->simpleQuery('DELETE FROM `si...')
#3 C:\E-Ujian\xampp\htdocs\ujian-online\system\Database\BaseBuilder.php(2848): CodeIgniter\Database\BaseConnection->query('DELETE FROM `si...', Array, false)
#4 C:\E-Ujian\xampp\htdocs\ujian-online\system\Model.php(521): CodeIgniter\Database\BaseBuilder->delete()
#5 C:\E-Ujian\xampp\htdocs\ujian-online\system\BaseModel.php(1152): CodeIgniter\Model->doDelete(Array, false)
#6 C:\E-Ujian\xampp\htdocs\ujian-online\app\Controllers\Admin\Siswa.php(136): CodeIgniter\BaseModel->delete(Array)
#7 C:\E-Ujian\xampp\htdocs\ujian-online\system\CodeIgniter.php(933): App\Controllers\Admin\Siswa->delete('1')
#8 C:\E-Ujian\xampp\htdocs\ujian-online\system\CodeIgniter.php(507): CodeIgniter\CodeIgniter->runController(Object(App\Controllers\Admin\Siswa))
#9 C:\E-Ujian\xampp\htdocs\ujian-online\system\CodeIgniter.php(354): CodeIgniter\CodeIgniter->handleRequest(NULL, Object(Config\Cache), false)
#10 C:\E-Ujian\xampp\htdocs\ujian-online\system\Boot.php(363): CodeIgniter\CodeIgniter->run()
#11 C:\E-Ujian\xampp\htdocs\ujian-online\system\Boot.php(68): CodeIgniter\Boot::runCodeIgniter(Object(CodeIgniter\CodeIgniter))
#12 C:\E-Ujian\xampp\htdocs\ujian-online\index.php(59): CodeIgniter\Boot::bootWeb(Object(Config\Paths))
#13 {main}
CRITICAL - 2025-12-17 15:39:55 --> CodeIgniter\Database\Exceptions\DatabaseException: Cannot delete or update a parent row: a foreign key constraint fails (`db_ujian_online`.`hasil_ujian`, CONSTRAINT `hasil_ujian_ibfk_2` FOREIGN KEY (`siswa_id`) REFERENCES `siswa` (`id`))
[Method: GET, Route: admin/siswa/delete/1]
in SYSTEMPATH\Database\BaseConnection.php on line 684.
 1 SYSTEMPATH\Database\BaseBuilder.php(2848): CodeIgniter\Database\BaseConnection->query('DELETE FROM `siswa`
WHERE `id` IN :id:', [...], false)
 2 SYSTEMPATH\Model.php(521): CodeIgniter\Database\BaseBuilder->delete()
 3 SYSTEMPATH\BaseModel.php(1152): CodeIgniter\Model->doDelete([...], false)
 4 APPPATH\Controllers\Admin\Siswa.php(136): CodeIgniter\BaseModel->delete([...])
 5 SYSTEMPATH\CodeIgniter.php(933): App\Controllers\Admin\Siswa->delete('1')
 6 SYSTEMPATH\CodeIgniter.php(507): CodeIgniter\CodeIgniter->runController(Object(App\Controllers\Admin\Siswa))
 7 SYSTEMPATH\CodeIgniter.php(354): CodeIgniter\CodeIgniter->handleRequest(null, Object(Config\Cache), false)
 8 SYSTEMPATH\Boot.php(363): CodeIgniter\CodeIgniter->run()
 9 SYSTEMPATH\Boot.php(68): CodeIgniter\Boot::runCodeIgniter(Object(CodeIgniter\CodeIgniter))
10 FCPATH\index.php(59): CodeIgniter\Boot::bootWeb(Object(Config\Paths))
CRITICAL - 2025-12-17 15:39:55 --> [Caused by] CodeIgniter\Database\Exceptions\DatabaseException: Cannot delete or update a parent row: a foreign key constraint fails (`db_ujian_online`.`hasil_ujian`, CONSTRAINT `hasil_ujian_ibfk_2` FOREIGN KEY (`siswa_id`) REFERENCES `siswa` (`id`))
in SYSTEMPATH\Database\MySQLi\Connection.php on line 332.
 1 SYSTEMPATH\Database\BaseConnection.php(729): CodeIgniter\Database\MySQLi\Connection->execute('DELETE FROM `siswa`
WHERE `id` IN (\'1\')')
 2 SYSTEMPATH\Database\BaseConnection.php(646): CodeIgniter\Database\BaseConnection->simpleQuery('DELETE FROM `siswa`
WHERE `id` IN (\'1\')')
 3 SYSTEMPATH\Database\BaseBuilder.php(2848): CodeIgniter\Database\BaseConnection->query('DELETE FROM `siswa`
WHERE `id` IN :id:', [...], false)
 4 SYSTEMPATH\Model.php(521): CodeIgniter\Database\BaseBuilder->delete()
 5 SYSTEMPATH\BaseModel.php(1152): CodeIgniter\Model->doDelete([...], false)
 6 APPPATH\Controllers\Admin\Siswa.php(136): CodeIgniter\BaseModel->delete([...])
 7 SYSTEMPATH\CodeIgniter.php(933): App\Controllers\Admin\Siswa->delete('1')
 8 SYSTEMPATH\CodeIgniter.php(507): CodeIgniter\CodeIgniter->runController(Object(App\Controllers\Admin\Siswa))
 9 SYSTEMPATH\CodeIgniter.php(354): CodeIgniter\CodeIgniter->handleRequest(null, Object(Config\Cache), false)
10 SYSTEMPATH\Boot.php(363): CodeIgniter\CodeIgniter->run()
11 SYSTEMPATH\Boot.php(68): CodeIgniter\Boot::runCodeIgniter(Object(CodeIgniter\CodeIgniter))
12 FCPATH\index.php(59): CodeIgniter\Boot::bootWeb(Object(Config\Paths))
CRITICAL - 2025-12-17 15:39:55 --> [Caused by] mysqli_sql_exception: Cannot delete or update a parent row: a foreign key constraint fails (`db_ujian_online`.`hasil_ujian`, CONSTRAINT `hasil_ujian_ibfk_2` FOREIGN KEY (`siswa_id`) REFERENCES `siswa` (`id`))
in SYSTEMPATH\Database\MySQLi\Connection.php on line 327.
 1 SYSTEMPATH\Database\MySQLi\Connection.php(327): mysqli->query('DELETE FROM `siswa`
WHERE `id` IN (\'1\')', 0)
 2 SYSTEMPATH\Database\BaseConnection.php(729): CodeIgniter\Database\MySQLi\Connection->execute('DELETE FROM `siswa`
WHERE `id` IN (\'1\')')
 3 SYSTEMPATH\Database\BaseConnection.php(646): CodeIgniter\Database\BaseConnection->simpleQuery('DELETE FROM `siswa`
WHERE `id` IN (\'1\')')
 4 SYSTEMPATH\Database\BaseBuilder.php(2848): CodeIgniter\Database\BaseConnection->query('DELETE FROM `siswa`
WHERE `id` IN :id:', [...], false)
 5 SYSTEMPATH\Model.php(521): CodeIgniter\Database\BaseBuilder->delete()
 6 SYSTEMPATH\BaseModel.php(1152): CodeIgniter\Model->doDelete([...], false)
 7 APPPATH\Controllers\Admin\Siswa.php(136): CodeIgniter\BaseModel->delete([...])
 8 SYSTEMPATH\CodeIgniter.php(933): App\Controllers\Admin\Siswa->delete('1')
 9 SYSTEMPATH\CodeIgniter.php(507): CodeIgniter\CodeIgniter->runController(Object(App\Controllers\Admin\Siswa))
10 SYSTEMPATH\CodeIgniter.php(354): CodeIgniter\CodeIgniter->handleRequest(null, Object(Config\Cache), false)
11 SYSTEMPATH\Boot.php(363): CodeIgniter\CodeIgniter->run()
12 SYSTEMPATH\Boot.php(68): CodeIgniter\Boot::runCodeIgniter(Object(CodeIgniter\CodeIgniter))
13 FCPATH\index.php(59): CodeIgniter\Boot::bootWeb(Object(Config\Paths))
