ERROR - 2025-12-13 09:57:00 --> Error connecting to the database: mysqli_sql_exception: Unknown database 'db_ujian_online' in E:\Website\5. MasterInstaller Tanpa Tambahan Aplikasi\Source\xampp\htdocs\ujian-online\system\Database\MySQLi\Connection.php:201
Stack trace:
#0 E:\Website\5. MasterInstaller Tanpa Tambahan Aplikasi\Source\xampp\htdocs\ujian-online\system\Database\MySQLi\Connection.php(201): mysqli->real_connect('localhost', 'root', Object(SensitiveParameterValue), 'db_ujian_online', 3123, '', 0)
#1 E:\Website\5. MasterInstaller Tanpa Tambahan Aplikasi\Source\xampp\htdocs\ujian-online\system\Database\BaseConnection.php(419): CodeIgniter\Database\MySQLi\Connection->connect(false)
#2 E:\Website\5. MasterInstaller Tanpa Tambahan Aplikasi\Source\xampp\htdocs\ujian-online\system\Database\BaseConnection.php(614): CodeIgniter\Database\BaseConnection->initialize()
#3 E:\Website\5. MasterInstaller Tanpa Tambahan Aplikasi\Source\xampp\htdocs\ujian-online\system\Database\BaseBuilder.php(1649): CodeIgniter\Database\BaseConnection->query('SELECT *\nFROM `...', Array, false)
#4 E:\Website\5. MasterInstaller Tanpa Tambahan Aplikasi\Source\xampp\htdocs\ujian-online\app\Controllers\BaseController.php(27): CodeIgniter\Database\BaseBuilder->get()
#5 E:\Website\5. MasterInstaller Tanpa Tambahan Aplikasi\Source\xampp\htdocs\ujian-online\system\CodeIgniter.php(904): App\Controllers\BaseController->initController(Object(CodeIgniter\HTTP\IncomingRequest), Object(CodeIgniter\HTTP\Response), Object(CodeIgniter\Log\Logger))
#6 E:\Website\5. MasterInstaller Tanpa Tambahan Aplikasi\Source\xampp\htdocs\ujian-online\system\CodeIgniter.php(498): CodeIgniter\CodeIgniter->createController()
#7 E:\Website\5. MasterInstaller Tanpa Tambahan Aplikasi\Source\xampp\htdocs\ujian-online\system\CodeIgniter.php(354): CodeIgniter\CodeIgniter->handleRequest(NULL, Object(Config\Cache), false)
#8 E:\Website\5. MasterInstaller Tanpa Tambahan Aplikasi\Source\xampp\htdocs\ujian-online\system\Boot.php(363): CodeIgniter\CodeIgniter->run()
#9 E:\Website\5. MasterInstaller Tanpa Tambahan Aplikasi\Source\xampp\htdocs\ujian-online\system\Boot.php(68): CodeIgniter\Boot::runCodeIgniter(Object(CodeIgniter\CodeIgniter))
#10 E:\Website\5. MasterInstaller Tanpa Tambahan Aplikasi\Source\xampp\htdocs\ujian-online\index.php(59): CodeIgniter\Boot::bootWeb(Object(Config\Paths))
#11 {main}

Next CodeIgniter\Database\Exceptions\DatabaseException: Unknown database 'db_ujian_online' in E:\Website\5. MasterInstaller Tanpa Tambahan Aplikasi\Source\xampp\htdocs\ujian-online\system\Database\MySQLi\Connection.php:246
Stack trace:
#0 E:\Website\5. MasterInstaller Tanpa Tambahan Aplikasi\Source\xampp\htdocs\ujian-online\system\Database\BaseConnection.php(419): CodeIgniter\Database\MySQLi\Connection->connect(false)
#1 E:\Website\5. MasterInstaller Tanpa Tambahan Aplikasi\Source\xampp\htdocs\ujian-online\system\Database\BaseConnection.php(614): CodeIgniter\Database\BaseConnection->initialize()
#2 E:\Website\5. MasterInstaller Tanpa Tambahan Aplikasi\Source\xampp\htdocs\ujian-online\system\Database\BaseBuilder.php(1649): CodeIgniter\Database\BaseConnection->query('SELECT *\nFROM `...', Array, false)
#3 E:\Website\5. MasterInstaller Tanpa Tambahan Aplikasi\Source\xampp\htdocs\ujian-online\app\Controllers\BaseController.php(27): CodeIgniter\Database\BaseBuilder->get()
#4 E:\Website\5. MasterInstaller Tanpa Tambahan Aplikasi\Source\xampp\htdocs\ujian-online\system\CodeIgniter.php(904): App\Controllers\BaseController->initController(Object(CodeIgniter\HTTP\IncomingRequest), Object(CodeIgniter\HTTP\Response), Object(CodeIgniter\Log\Logger))
#5 E:\Website\5. MasterInstaller Tanpa Tambahan Aplikasi\Source\xampp\htdocs\ujian-online\system\CodeIgniter.php(498): CodeIgniter\CodeIgniter->createController()
#6 E:\Website\5. MasterInstaller Tanpa Tambahan Aplikasi\Source\xampp\htdocs\ujian-online\system\CodeIgniter.php(354): CodeIgniter\CodeIgniter->handleRequest(NULL, Object(Config\Cache), false)
#7 E:\Website\5. MasterInstaller Tanpa Tambahan Aplikasi\Source\xampp\htdocs\ujian-online\system\Boot.php(363): CodeIgniter\CodeIgniter->run()
#8 E:\Website\5. MasterInstaller Tanpa Tambahan Aplikasi\Source\xampp\htdocs\ujian-online\system\Boot.php(68): CodeIgniter\Boot::runCodeIgniter(Object(CodeIgniter\CodeIgniter))
#9 E:\Website\5. MasterInstaller Tanpa Tambahan Aplikasi\Source\xampp\htdocs\ujian-online\index.php(59): CodeIgniter\Boot::bootWeb(Object(Config\Paths))
#10 {main}
CRITICAL - 2025-12-13 09:57:00 --> CodeIgniter\Database\Exceptions\DatabaseException: Unable to connect to the database.
Main connection [MySQLi]: Unknown database 'db_ujian_online'
[Method: GET, Route: /]
in SYSTEMPATH\Database\BaseConnection.php on line 465.
 1 SYSTEMPATH\Database\BaseConnection.php(614): CodeIgniter\Database\BaseConnection->initialize()
 2 SYSTEMPATH\Database\BaseBuilder.php(1649): CodeIgniter\Database\BaseConnection->query('SELECT *
FROM `sekolah`
WHERE `id` = :id:', [...], false)
 3 APPPATH\Controllers\BaseController.php(27): CodeIgniter\Database\BaseBuilder->get()
 4 SYSTEMPATH\CodeIgniter.php(904): App\Controllers\BaseController->initController(Object(CodeIgniter\HTTP\IncomingRequest), Object(CodeIgniter\HTTP\Response), Object(CodeIgniter\Log\Logger))
 5 SYSTEMPATH\CodeIgniter.php(498): CodeIgniter\CodeIgniter->createController()
 6 SYSTEMPATH\CodeIgniter.php(354): CodeIgniter\CodeIgniter->handleRequest(null, Object(Config\Cache), false)
 7 SYSTEMPATH\Boot.php(363): CodeIgniter\CodeIgniter->run()
 8 SYSTEMPATH\Boot.php(68): CodeIgniter\Boot::runCodeIgniter(Object(CodeIgniter\CodeIgniter))
 9 FCPATH\index.php(59): CodeIgniter\Boot::bootWeb(Object(Config\Paths))
